Mon May 11 11:50:35 CST 2015
start dump data from mysql
Mon May 11 11:50:35 CST 2015
dump ./data/work//tweet
Mon May 11 11:50:35 CST 2015
dump ./data/work//zan
Mon May 11 11:50:35 CST 2015
dump ./data/work//comment
Mon May 11 11:50:35 CST 2015
start merge data
  File "./script//merge_data.py", line 117
    try:
      ^
SyntaxError: invalid syntax
Mon May 11 11:50:35 CST 2015
merge date error
Mon May 11 11:51:21 CST 2015
start dump data from mysql
Mon May 11 11:51:21 CST 2015
dump ./data/work//tweet
Mon May 11 11:51:21 CST 2015
dump ./data/work//zan
Mon May 11 11:51:21 CST 2015
dump ./data/work//comment
Mon May 11 11:51:21 CST 2015
start merge data
11 May 2015 11:51:21 INFO merge_data: output[./data/output//finally_2015-05-11] tweet[./data/work//tweet] zan[./data/work//zan] comment[./data/work//comment] catalog[./data/work//catalog]
11 May 2015 11:51:21 WARNING Traceback (most recent call last):
  File "./script//merge_data.py", line 118, in main
    merge_data(output_file, tweet_file, zan_file, comment_file, catalog_file)
  File "./script//merge_data.py", line 90, in merge_data
    tweet_dict = _load_tweet(out_file)
  File "./script//merge_data.py", line 21, in _load_tweet
    with open(file) as f:
IOError: [Errno 2] No such file or directory: './data/output//finally_2015-05-11'

Mon May 11 11:51:21 CST 2015
merge date error
Mon May 11 11:56:36 CST 2015
start dump data from mysql
Mon May 11 11:56:36 CST 2015
dump ./data/work//tweet
Mon May 11 11:56:36 CST 2015
dump ./data/work//zan
Mon May 11 11:56:36 CST 2015
dump ./data/work//comment
Mon May 11 11:56:36 CST 2015
start merge data
11 May 2015 11:56:36 INFO merge_data: output[./data/output//finally_2015-05-11] tweet[./data/work//tweet] zan[./data/work//zan] comment[./data/work//comment] catalog[./data/work//catalog]
11 May 2015 11:56:36 INFO load tweet from [./data/work//tweet]
11 May 2015 11:56:36 INFO get content error, e[No JSON object could be decoded]
11 May 2015 11:56:36 INFO get content error, e[No JSON object could be decoded]
11 May 2015 11:56:36 INFO get content error, e['unicode' object has no attribute 'get']
11 May 2015 11:56:36 INFO get content error, e['unicode' object has no attribute 'get']
11 May 2015 11:56:36 INFO get content error, e['unicode' object has no attribute 'get']
11 May 2015 11:56:36 INFO get content error, e['unicode' object has no attribute 'get']
11 May 2015 11:56:36 INFO get content error, e['unicode' object has no attribute 'get']
11 May 2015 11:56:36 INFO get content error, e['unicode' object has no attribute 'get']
11 May 2015 11:56:36 INFO get content error, e['unicode' object has no attribute 'get']
11 May 2015 11:56:36 INFO get content error, e['unicode' object has no attribute 'get']
11 May 2015 11:56:36 INFO get content error, e['unicode' object has no attribute 'get']
11 May 2015 11:56:36 INFO get content error, e['unicode' object has no attribute 'get']
11 May 2015 11:56:36 INFO get content error, e['unicode' object has no attribute 'get']
11 May 2015 11:56:36 INFO get content error, e[No JSON object could be decoded]
11 May 2015 11:56:36 INFO get content error, e[Expecting property name: line 1 column 3 (char 2)]
11 May 2015 11:56:36 INFO get content error, e[Expecting property name: line 1 column 3 (char 2)]
11 May 2015 11:56:36 INFO get content error, e[No JSON object could be decoded]
11 May 2015 11:56:36 INFO get content error, e[Expecting property name: line 1 column 3 (char 2)]
11 May 2015 11:56:36 INFO get content error, e[Expecting property name: line 1 column 3 (char 2)]
11 May 2015 11:56:36 INFO get content error, e[No JSON object could be decoded]
11 May 2015 11:56:36 INFO get content error, e[No JSON object could be decoded]
11 May 2015 11:56:36 INFO get content error, e[No JSON object could be decoded]
11 May 2015 11:56:36 INFO get content error, e[No JSON object could be decoded]
11 May 2015 11:56:36 INFO get content error, e[No JSON object could be decoded]
11 May 2015 11:56:36 INFO get content error, e[No JSON object could be decoded]
11 May 2015 11:56:36 INFO get content error, e[No JSON object could be decoded]
11 May 2015 11:56:36 INFO get content error, e[No JSON object could be decoded]
11 May 2015 11:56:36 INFO load zan[./data/work//zan]
11 May 2015 11:56:36 INFO load comment[./data/work//comment]
11 May 2015 11:56:36 INFO load catalog [./data/work//catalog]
11 May 2015 11:56:36 INFO total tweet: 38
11 May 2015 11:56:36 WARNING Traceback (most recent call last):
  File "./script//merge_data.py", line 118, in main
    merge_data(output_file, tweet_file, zan_file, comment_file, catalog_file)
  File "./script//merge_data.py", line 104, in merge_data
    fp_out.write(line)
UnicodeEncodeError: 'ascii' codec can't encode characters in position 15-27: ordinal not in range(128)

Mon May 11 11:56:36 CST 2015
merge date error
Mon May 11 11:58:03 CST 2015
start dump data from mysql
Mon May 11 11:58:03 CST 2015
dump ./data/work//tweet
Mon May 11 11:58:03 CST 2015
dump ./data/work//zan
Mon May 11 11:58:03 CST 2015
dump ./data/work//comment
Mon May 11 11:58:03 CST 2015
start merge data
11 May 2015 11:58:03 INFO merge_data: output[./data/output//finally_2015-05-11] tweet[./data/work//tweet] zan[./data/work//zan] comment[./data/work//comment] catalog[./data/work//catalog]
11 May 2015 11:58:03 INFO load tweet from [./data/work//tweet]
11 May 2015 11:58:03 INFO get content error, e[No JSON object could be decoded]
11 May 2015 11:58:03 INFO get content error, e[No JSON object could be decoded]
11 May 2015 11:58:03 INFO get content error, e['unicode' object has no attribute 'get']
11 May 2015 11:58:03 INFO get content error, e['unicode' object has no attribute 'get']
11 May 2015 11:58:03 INFO get content error, e['unicode' object has no attribute 'get']
11 May 2015 11:58:03 INFO get content error, e['unicode' object has no attribute 'get']
11 May 2015 11:58:03 INFO get content error, e['unicode' object has no attribute 'get']
11 May 2015 11:58:03 INFO get content error, e['unicode' object has no attribute 'get']
11 May 2015 11:58:03 INFO get content error, e['unicode' object has no attribute 'get']
11 May 2015 11:58:03 INFO get content error, e['unicode' object has no attribute 'get']
11 May 2015 11:58:03 INFO get content error, e['unicode' object has no attribute 'get']
11 May 2015 11:58:03 INFO get content error, e['unicode' object has no attribute 'get']
11 May 2015 11:58:03 INFO get content error, e['unicode' object has no attribute 'get']
11 May 2015 11:58:03 INFO get content error, e[No JSON object could be decoded]
11 May 2015 11:58:03 INFO get content error, e[Expecting property name: line 1 column 3 (char 2)]
11 May 2015 11:58:03 INFO get content error, e[Expecting property name: line 1 column 3 (char 2)]
11 May 2015 11:58:03 INFO get content error, e[No JSON object could be decoded]
11 May 2015 11:58:03 INFO get content error, e[Expecting property name: line 1 column 3 (char 2)]
11 May 2015 11:58:03 INFO get content error, e[Expecting property name: line 1 column 3 (char 2)]
11 May 2015 11:58:03 INFO get content error, e[No JSON object could be decoded]
11 May 2015 11:58:03 INFO get content error, e[No JSON object could be decoded]
11 May 2015 11:58:03 INFO get content error, e[No JSON object could be decoded]
11 May 2015 11:58:03 INFO get content error, e[No JSON object could be decoded]
11 May 2015 11:58:03 INFO get content error, e[No JSON object could be decoded]
11 May 2015 11:58:03 INFO get content error, e[No JSON object could be decoded]
11 May 2015 11:58:03 INFO get content error, e[No JSON object could be decoded]
11 May 2015 11:58:03 INFO get content error, e[No JSON object could be decoded]
11 May 2015 11:58:03 INFO load zan[./data/work//zan]
11 May 2015 11:58:03 INFO load comment[./data/work//comment]
11 May 2015 11:58:03 INFO load catalog [./data/work//catalog]
11 May 2015 11:58:03 INFO total tweet: 38
11 May 2015 11:58:03 INFO line:13638	1	-1	0	0	

11 May 2015 11:58:03 INFO line:13639	1	-1	0	0	

11 May 2015 11:58:03 INFO line:13636	1	-1	0	0	

11 May 2015 11:58:03 INFO line:13637	1	-1	0	0	

11 May 2015 11:58:03 INFO line:13635	1	-1	0	0	

11 May 2015 11:58:03 INFO line:13618	1	-1	0	0	

11 May 2015 11:58:03 INFO line:13619	1	-1	0	0	

11 May 2015 11:58:03 INFO line:13630	1	-1	0	0	

11 May 2015 11:58:03 INFO line:13631	1	-1	0	0	

11 May 2015 11:58:03 INFO line:13614	1	-1	0	0	

11 May 2015 11:58:03 INFO line:13615	1	-1	0	0	

11 May 2015 11:58:03 INFO line:13616	1	-1	0	0	

11 May 2015 11:58:03 INFO line:13617	1	-1	0	0	

11 May 2015 11:58:03 INFO line:13610	1	-1	0	8	

11 May 2015 11:58:03 INFO line:13611	1	-1	0	0	

11 May 2015 11:58:03 INFO line:13612	1	-1	0	0	

11 May 2015 11:58:03 INFO line:13613	1	-1	0	0	

11 May 2015 11:58:03 INFO line:13647	1	-1	0	0	这是第一部第二是什么呵呵三

11 May 2015 11:58:03 WARNING Traceback (most recent call last):
  File "./script//merge_data.py", line 119, in main
    merge_data(output_file, tweet_file, zan_file, comment_file, catalog_file)
  File "./script//merge_data.py", line 105, in merge_data
    fp_out.write(line)
UnicodeEncodeError: 'ascii' codec can't encode characters in position 15-27: ordinal not in range(128)

Mon May 11 11:58:03 CST 2015
merge date error
Mon May 11 12:08:07 CST 2015
start dump data from mysql
Mon May 11 12:08:07 CST 2015
dump ./data/work//tweet
Mon May 11 12:08:07 CST 2015
dump ./data/work//zan
Mon May 11 12:08:07 CST 2015
dump ./data/work//comment
Mon May 11 12:08:07 CST 2015
start merge data
11 May 2015 12:08:07 INFO merge_data: output[./data/output//finally_2015-05-11] tweet[./data/work//tweet] zan[./data/work//zan] comment[./data/work//comment] catalog[./data/work//catalog]
11 May 2015 12:08:07 INFO load tweet from [./data/work//tweet]
11 May 2015 12:08:07 INFO get content error, e[No JSON object could be decoded]
11 May 2015 12:08:07 INFO get content error, e[No JSON object could be decoded]
11 May 2015 12:08:07 INFO get content error, e['unicode' object has no attribute 'get']
11 May 2015 12:08:07 INFO get content error, e['unicode' object has no attribute 'get']
11 May 2015 12:08:07 INFO get content error, e['unicode' object has no attribute 'get']
11 May 2015 12:08:07 INFO get content error, e['unicode' object has no attribute 'get']
11 May 2015 12:08:07 INFO get content error, e['unicode' object has no attribute 'get']
11 May 2015 12:08:07 INFO get content error, e['unicode' object has no attribute 'get']
11 May 2015 12:08:07 INFO get content error, e['unicode' object has no attribute 'get']
11 May 2015 12:08:07 INFO get content error, e['unicode' object has no attribute 'get']
11 May 2015 12:08:07 INFO get content error, e['unicode' object has no attribute 'get']
11 May 2015 12:08:07 INFO get content error, e['unicode' object has no attribute 'get']
11 May 2015 12:08:07 INFO get content error, e['unicode' object has no attribute 'get']
11 May 2015 12:08:07 INFO get content error, e[No JSON object could be decoded]
11 May 2015 12:08:07 INFO get content error, e[Expecting property name: line 1 column 3 (char 2)]
11 May 2015 12:08:07 INFO get content error, e[Expecting property name: line 1 column 3 (char 2)]
11 May 2015 12:08:07 INFO get content error, e[No JSON object could be decoded]
11 May 2015 12:08:07 INFO get content error, e[Expecting property name: line 1 column 3 (char 2)]
11 May 2015 12:08:07 INFO get content error, e[Expecting property name: line 1 column 3 (char 2)]
11 May 2015 12:08:07 INFO get content error, e[No JSON object could be decoded]
11 May 2015 12:08:07 INFO get content error, e[No JSON object could be decoded]
11 May 2015 12:08:07 INFO get content error, e[No JSON object could be decoded]
11 May 2015 12:08:07 INFO get content error, e[No JSON object could be decoded]
11 May 2015 12:08:07 INFO get content error, e[No JSON object could be decoded]
11 May 2015 12:08:07 INFO get content error, e[No JSON object could be decoded]
11 May 2015 12:08:07 INFO get content error, e[No JSON object could be decoded]
11 May 2015 12:08:07 INFO get content error, e[No JSON object could be decoded]
11 May 2015 12:08:07 INFO load zan[./data/work//zan]
11 May 2015 12:08:07 INFO load comment[./data/work//comment]
11 May 2015 12:08:07 INFO load catalog [./data/work//catalog]
11 May 2015 12:08:07 INFO total tweet: 38
11 May 2015 12:08:07 INFO line:13638	1	-1	0	0	

11 May 2015 12:08:07 INFO line:13639	1	-1	0	0	

11 May 2015 12:08:07 INFO line:13636	1	-1	0	0	

11 May 2015 12:08:07 INFO line:13637	1	-1	0	0	

11 May 2015 12:08:07 INFO line:13635	1	-1	0	0	

11 May 2015 12:08:07 INFO line:13618	1	-1	0	0	

11 May 2015 12:08:07 INFO line:13619	1	-1	0	0	

11 May 2015 12:08:07 INFO line:13630	1	-1	0	0	

11 May 2015 12:08:07 INFO line:13631	1	-1	0	0	

11 May 2015 12:08:07 INFO line:13614	1	-1	0	0	

11 May 2015 12:08:07 INFO line:13615	1	-1	0	0	

11 May 2015 12:08:07 INFO line:13616	1	-1	0	0	

11 May 2015 12:08:07 INFO line:13617	1	-1	0	0	

11 May 2015 12:08:07 INFO line:13610	1	-1	0	8	

11 May 2015 12:08:07 INFO line:13611	1	-1	0	0	

11 May 2015 12:08:07 INFO line:13612	1	-1	0	0	

11 May 2015 12:08:07 INFO line:13613	1	-1	0	0	

11 May 2015 12:08:07 INFO line:13647	1	-1	0	0	这是第一部第二是什么呵呵三

11 May 2015 12:08:07 INFO line:13646	1	-1	0	0	

11 May 2015 12:08:07 INFO line:13645	1	-1	0	0	啦啦啦啦啦啦啦啦啦

11 May 2015 12:08:07 INFO line:13644	1	-1	0	0	啦啦啦啦啦啦啦啦啦

11 May 2015 12:08:07 INFO line:13643	1	-1	0	0	啦啦啦

11 May 2015 12:08:07 INFO line:13642	1	-1	0	0	啦啦啦123

11 May 2015 12:08:07 INFO line:13641	1	-1	0	0	

11 May 2015 12:08:07 INFO line:13640	1	-1	0	0	

11 May 2015 12:08:07 INFO line:13632	1	-1	0	0	

11 May 2015 12:08:07 INFO line:13633	1	-1	0	0	

11 May 2015 12:08:07 INFO line:13625	1	-1	0	0	

11 May 2015 12:08:07 INFO line:13624	1	-1	0	0	

11 May 2015 12:08:07 INFO line:13627	1	-1	0	0	

11 May 2015 12:08:07 INFO line:13626	1	-1	0	0	

11 May 2015 12:08:07 INFO line:13621	1	-1	0	0	

11 May 2015 12:08:07 INFO line:13620	1	-1	0	0	

11 May 2015 12:08:07 INFO line:13623	1	-1	0	0	

11 May 2015 12:08:07 INFO line:13622	1	-1	0	0	

11 May 2015 12:08:07 INFO line:13609	1	-1	3	0	

11 May 2015 12:08:07 INFO line:13629	1	-1	0	0	

11 May 2015 12:08:07 INFO line:13628	1	-1	0	0	

Tue May 12 15:24:46 CST 2015
start dump data from mysql
Tue May 12 15:24:46 CST 2015
dump ./data/work//tweet
ERROR 1054 (42S22) at line 1: Unknown column 'c_time' in 'field list'
dump ./data/work//tweet error
Tue May 12 15:24:46 CST 2015
dump date error
Tue May 12 15:25:11 CST 2015
start dump data from mysql
Tue May 12 15:25:11 CST 2015
dump ./data/work//tweet
Tue May 12 15:25:11 CST 2015
dump ./data/work//zan
Tue May 12 15:25:11 CST 2015
dump ./data/work//comment
Tue May 12 15:25:11 CST 2015
start merge data
Traceback (most recent call last):
  File "./script//merge_data.py", line 192, in <module>
    main()
  File "./script//merge_data.py", line 179, in main
    tag_file = sys.argv[7]
IndexError: list index out of range
Tue May 12 15:25:11 CST 2015
merge date error
Tue May 12 15:26:07 CST 2015
start dump data from mysql
Tue May 12 15:26:07 CST 2015
dump ./data/work//tweet
Tue May 12 15:26:07 CST 2015
dump ./data/work//zan
Tue May 12 15:26:07 CST 2015
dump ./data/work//comment
Tue May 12 15:26:07 CST 2015
start merge data
12 May 2015 15:26:07 INFO merge_data: output[./data/output//finally_2015-05-12] tweet[./data/work//tweet] zan[./data/work//zan] comment[./data/work//comment] catalog[./data/work//catalog] tag[./data/work//tag]
12 May 2015 15:26:07 WARNING Traceback (most recent call last):
  File "./script//merge_data.py", line 182, in main
    merge_data(output_file, tweet_file, zan_file, comment_file, catalog_file, tag_file)
TypeError: merge_data() takes exactly 5 arguments (6 given)

Tue May 12 15:26:07 CST 2015
merge date error
Tue May 12 15:26:42 CST 2015
start dump data from mysql
Tue May 12 15:26:42 CST 2015
dump ./data/work//tweet
Tue May 12 15:26:43 CST 2015
dump ./data/work//zan
Tue May 12 15:26:43 CST 2015
dump ./data/work//comment
Tue May 12 15:26:43 CST 2015
start merge data
12 May 2015 15:26:43 INFO merge_data: output[./data/output//finally_2015-05-12] tweet[./data/work//tweet] zan[./data/work//zan] comment[./data/work//comment] catalog[./data/work//catalog] tag[./data/work//tag]
12 May 2015 15:26:43 INFO load tweet from [./data/work//tweet]
12 May 2015 15:26:43 INFO get content error, e[No JSON object could be decoded]
12 May 2015 15:26:43 INFO get content error, e[No JSON object could be decoded]
12 May 2015 15:26:43 INFO get content error, e['unicode' object has no attribute 'get']
12 May 2015 15:26:43 INFO get content error, e['unicode' object has no attribute 'get']
12 May 2015 15:26:43 INFO get content error, e['unicode' object has no attribute 'get']
12 May 2015 15:26:43 INFO get content error, e['unicode' object has no attribute 'get']
12 May 2015 15:26:43 INFO get content error, e['unicode' object has no attribute 'get']
12 May 2015 15:26:43 INFO get content error, e['unicode' object has no attribute 'get']
12 May 2015 15:26:43 INFO get content error, e['unicode' object has no attribute 'get']
12 May 2015 15:26:43 INFO get content error, e['unicode' object has no attribute 'get']
12 May 2015 15:26:43 INFO get content error, e['unicode' object has no attribute 'get']
12 May 2015 15:26:43 INFO get content error, e['unicode' object has no attribute 'get']
12 May 2015 15:26:43 INFO get content error, e['unicode' object has no attribute 'get']
12 May 2015 15:26:43 INFO get content error, e[No JSON object could be decoded]
12 May 2015 15:26:43 INFO get content error, e[Expecting property name: line 1 column 3 (char 2)]
12 May 2015 15:26:43 INFO get content error, e[Expecting property name: line 1 column 3 (char 2)]
12 May 2015 15:26:43 INFO get content error, e[No JSON object could be decoded]
12 May 2015 15:26:43 INFO get content error, e[Expecting property name: line 1 column 3 (char 2)]
12 May 2015 15:26:43 INFO get content error, e[Expecting property name: line 1 column 3 (char 2)]
12 May 2015 15:26:43 INFO get content error, e[No JSON object could be decoded]
12 May 2015 15:26:43 INFO get content error, e[No JSON object could be decoded]
12 May 2015 15:26:43 INFO get content error, e[No JSON object could be decoded]
12 May 2015 15:26:43 INFO get content error, e[No JSON object could be decoded]
12 May 2015 15:26:43 INFO get content error, e[No JSON object could be decoded]
12 May 2015 15:26:43 INFO get content error, e[No JSON object could be decoded]
12 May 2015 15:26:43 INFO get content error, e[No JSON object could be decoded]
12 May 2015 15:26:43 INFO get content error, e[No JSON object could be decoded]
12 May 2015 15:26:43 INFO load zan[./data/work//zan]
12 May 2015 15:26:43 INFO load comment[./data/work//comment]
12 May 2015 15:26:43 INFO load catalog [./data/work//catalog]
12 May 2015 15:26:43 WARNING Traceback (most recent call last):
  File "./script//merge_data.py", line 182, in main
    merge_data(output_file, tweet_file, zan_file, comment_file, catalog_file, tag_file)
  File "./script//merge_data.py", line 135, in merge_data
    tag_dict = _load_tag_id(tag_file)
NameError: global name '_load_tag_id' is not defined

Tue May 12 15:26:43 CST 2015
merge date error
Tue May 12 15:27:26 CST 2015
start dump data from mysql
Tue May 12 15:27:26 CST 2015
dump ./data/work//tweet
Tue May 12 15:27:26 CST 2015
dump ./data/work//zan
Tue May 12 15:27:26 CST 2015
dump ./data/work//comment
Tue May 12 15:27:26 CST 2015
start merge data
12 May 2015 15:27:26 INFO merge_data: output[./data/output//finally_2015-05-12] tweet[./data/work//tweet] zan[./data/work//zan] comment[./data/work//comment] catalog[./data/work//catalog] tag[./data/work//tag]
12 May 2015 15:27:26 INFO load tweet from [./data/work//tweet]
12 May 2015 15:27:26 INFO get content error, e[No JSON object could be decoded]
12 May 2015 15:27:26 INFO get content error, e[No JSON object could be decoded]
12 May 2015 15:27:26 INFO get content error, e['unicode' object has no attribute 'get']
12 May 2015 15:27:26 INFO get content error, e['unicode' object has no attribute 'get']
12 May 2015 15:27:26 INFO get content error, e['unicode' object has no attribute 'get']
12 May 2015 15:27:26 INFO get content error, e['unicode' object has no attribute 'get']
12 May 2015 15:27:26 INFO get content error, e['unicode' object has no attribute 'get']
12 May 2015 15:27:26 INFO get content error, e['unicode' object has no attribute 'get']
12 May 2015 15:27:26 INFO get content error, e['unicode' object has no attribute 'get']
12 May 2015 15:27:26 INFO get content error, e['unicode' object has no attribute 'get']
12 May 2015 15:27:26 INFO get content error, e['unicode' object has no attribute 'get']
12 May 2015 15:27:26 INFO get content error, e['unicode' object has no attribute 'get']
12 May 2015 15:27:26 INFO get content error, e['unicode' object has no attribute 'get']
12 May 2015 15:27:26 INFO get content error, e[No JSON object could be decoded]
12 May 2015 15:27:26 INFO get content error, e[Expecting property name: line 1 column 3 (char 2)]
12 May 2015 15:27:26 INFO get content error, e[Expecting property name: line 1 column 3 (char 2)]
12 May 2015 15:27:26 INFO get content error, e[No JSON object could be decoded]
12 May 2015 15:27:26 INFO get content error, e[Expecting property name: line 1 column 3 (char 2)]
12 May 2015 15:27:26 INFO get content error, e[Expecting property name: line 1 column 3 (char 2)]
12 May 2015 15:27:26 INFO get content error, e[No JSON object could be decoded]
12 May 2015 15:27:26 INFO get content error, e[No JSON object could be decoded]
12 May 2015 15:27:26 INFO get content error, e[No JSON object could be decoded]
12 May 2015 15:27:26 INFO get content error, e[No JSON object could be decoded]
12 May 2015 15:27:26 INFO get content error, e[No JSON object could be decoded]
12 May 2015 15:27:26 INFO get content error, e[No JSON object could be decoded]
12 May 2015 15:27:26 INFO get content error, e[No JSON object could be decoded]
12 May 2015 15:27:26 INFO get content error, e[No JSON object could be decoded]
12 May 2015 15:27:26 INFO load zan[./data/work//zan]
12 May 2015 15:27:26 INFO load comment[./data/work//comment]
12 May 2015 15:27:26 INFO load catalog [./data/work//catalog]
12 May 2015 15:27:26 INFO total tweet: 38
12 May 2015 15:27:26 INFO line:13638	1	-1	xx	0	0	

12 May 2015 15:27:26 INFO line:13639	1	-1	xx	0	0	

12 May 2015 15:27:26 INFO line:13636	1	-1	xx	0	0	

12 May 2015 15:27:26 INFO line:13637	1	-1	xx	0	0	

12 May 2015 15:27:26 INFO line:13635	1	-1	xx	0	0	

12 May 2015 15:27:26 INFO line:13618	1	-1	静物	0	0	

12 May 2015 15:27:26 WARNING Traceback (most recent call last):
  File "./script//merge_data.py", line 182, in main
    merge_data(output_file, tweet_file, zan_file, comment_file, catalog_file, tag_file)
  File "./script//merge_data.py", line 167, in merge_data
    fp_out.write(line)
  File "/usr/lib64/python2.7/codecs.py", line 691, in write
    return self.writer.write(data)
  File "/usr/lib64/python2.7/codecs.py", line 351, in write
    data, consumed = self.encode(object, self.errors)
UnicodeDecodeError: 'ascii' codec can't decode byte 0xe9 in position 11: ordinal not in range(128)

Tue May 12 15:27:26 CST 2015
merge date error
Tue May 12 15:39:02 CST 2015
start dump data from mysql
Tue May 12 15:39:02 CST 2015
dump ./data/work//tweet
Tue May 12 15:39:02 CST 2015
dump ./data/work//zan
Tue May 12 15:39:02 CST 2015
dump ./data/work//comment
Tue May 12 15:39:02 CST 2015
start merge data
12 May 2015 15:39:02 INFO merge_data: output[./data/output//finally_2015-05-12] tweet[./data/work//tweet] zan[./data/work//zan] comment[./data/work//comment] catalog[./data/work//catalog] tag[./data/work//tag]
12 May 2015 15:39:02 INFO load tweet from [./data/work//tweet]
12 May 2015 15:39:02 INFO get content error, e[No JSON object could be decoded]
12 May 2015 15:39:02 INFO get content error, e[No JSON object could be decoded]
12 May 2015 15:39:02 INFO get content error, e['unicode' object has no attribute 'get']
12 May 2015 15:39:02 INFO get content error, e['unicode' object has no attribute 'get']
12 May 2015 15:39:02 INFO get content error, e['unicode' object has no attribute 'get']
12 May 2015 15:39:02 INFO get content error, e['unicode' object has no attribute 'get']
12 May 2015 15:39:02 INFO get content error, e['unicode' object has no attribute 'get']
12 May 2015 15:39:02 INFO get content error, e['unicode' object has no attribute 'get']
12 May 2015 15:39:02 INFO get content error, e['unicode' object has no attribute 'get']
12 May 2015 15:39:02 INFO get content error, e['unicode' object has no attribute 'get']
12 May 2015 15:39:02 INFO get content error, e['unicode' object has no attribute 'get']
12 May 2015 15:39:02 INFO get content error, e['unicode' object has no attribute 'get']
12 May 2015 15:39:02 INFO get content error, e['unicode' object has no attribute 'get']
12 May 2015 15:39:02 INFO get content error, e[No JSON object could be decoded]
12 May 2015 15:39:02 INFO get content error, e[Expecting property name: line 1 column 3 (char 2)]
12 May 2015 15:39:02 INFO get content error, e[Expecting property name: line 1 column 3 (char 2)]
12 May 2015 15:39:02 INFO get content error, e[No JSON object could be decoded]
12 May 2015 15:39:02 INFO get content error, e[Expecting property name: line 1 column 3 (char 2)]
12 May 2015 15:39:02 INFO get content error, e[Expecting property name: line 1 column 3 (char 2)]
12 May 2015 15:39:02 INFO get content error, e[No JSON object could be decoded]
12 May 2015 15:39:02 INFO get content error, e[No JSON object could be decoded]
12 May 2015 15:39:02 INFO get content error, e[No JSON object could be decoded]
12 May 2015 15:39:02 INFO get content error, e[No JSON object could be decoded]
12 May 2015 15:39:02 INFO get content error, e[No JSON object could be decoded]
12 May 2015 15:39:02 INFO get content error, e[No JSON object could be decoded]
12 May 2015 15:39:02 INFO get content error, e[No JSON object could be decoded]
12 May 2015 15:39:02 INFO get content error, e[No JSON object could be decoded]
12 May 2015 15:39:02 INFO load zan[./data/work//zan]
12 May 2015 15:39:02 INFO load comment[./data/work//comment]
12 May 2015 15:39:02 INFO load catalog [./data/work//catalog]
12 May 2015 15:39:02 INFO total tweet: 38
12 May 2015 15:39:02 INFO line:13638	1	-1	xx	0	0	

12 May 2015 15:39:02 INFO line:13639	1	-1	xx	0	0	

12 May 2015 15:39:02 INFO line:13636	1	-1	xx	0	0	

12 May 2015 15:39:02 INFO line:13637	1	-1	xx	0	0	

12 May 2015 15:39:02 INFO line:13635	1	-1	xx	0	0	

12 May 2015 15:39:02 INFO line:13618	1	-1	静物	0	0	

12 May 2015 15:39:02 INFO line:13619	1	-1	静物	0	0	

12 May 2015 15:39:02 INFO line:13630	1	-1	静物	0	0	

12 May 2015 15:39:02 INFO line:13631	1	-1		0	0	

12 May 2015 15:39:02 INFO line:13614	1	-1	静物	0	0	

12 May 2015 15:39:02 INFO line:13615	1	-1	静物	0	0	

12 May 2015 15:39:02 INFO line:13616	1	-1	静物	0	0	

12 May 2015 15:39:02 INFO line:13617	1	-1	静物	0	0	

12 May 2015 15:39:02 INFO line:13611	1	-1	静物	0	0	

12 May 2015 15:39:02 INFO line:13612	1	-1	静物	0	0	

12 May 2015 15:39:02 INFO line:13613	1	-1	静物	0	0	

12 May 2015 15:39:02 INFO line:13647	1	-1		0	0	这是第一部第二是什么呵呵三

12 May 2015 15:39:02 WARNING Traceback (most recent call last):
  File "./script//merge_data.py", line 183, in main
    merge_data(output_file, tweet_file, zan_file, comment_file, catalog_file, tag_file)
  File "./script//merge_data.py", line 168, in merge_data
    fp_out.write(line)
UnicodeEncodeError: 'ascii' codec can't encode characters in position 16-28: ordinal not in range(128)

Tue May 12 15:39:02 CST 2015
merge date error
Tue May 12 15:44:33 CST 2015
start dump data from mysql
Tue May 12 15:44:33 CST 2015
dump ./data/work//tweet
Tue May 12 15:44:33 CST 2015
dump ./data/work//zan
Tue May 12 15:44:33 CST 2015
dump ./data/work//comment
Tue May 12 15:44:33 CST 2015
start merge data
Traceback (most recent call last):
  File "./script//merge_data.py", line 11, in <module>
    sys.setdefaultencodeing('utf-8')
AttributeError: 'module' object has no attribute 'setdefaultencodeing'
Tue May 12 15:44:33 CST 2015
merge date error
Tue May 12 15:44:57 CST 2015
start dump data from mysql
Tue May 12 15:44:57 CST 2015
dump ./data/work//tweet
Tue May 12 15:44:57 CST 2015
dump ./data/work//zan
Tue May 12 15:44:57 CST 2015
dump ./data/work//comment
Tue May 12 15:44:57 CST 2015
start merge data
12 May 2015 15:44:58 INFO merge_data: output[./data/output//finally_2015-05-12] tweet[./data/work//tweet] zan[./data/work//zan] comment[./data/work//comment] catalog[./data/work//catalog] tag[./data/work//tag]
12 May 2015 15:44:58 INFO load tweet from [./data/work//tweet]
12 May 2015 15:44:58 INFO get content error, e[No JSON object could be decoded]
12 May 2015 15:44:58 INFO get content error, e[No JSON object could be decoded]
12 May 2015 15:44:58 INFO get content error, e['unicode' object has no attribute 'get']
12 May 2015 15:44:58 INFO get content error, e['unicode' object has no attribute 'get']
12 May 2015 15:44:58 INFO get content error, e['unicode' object has no attribute 'get']
12 May 2015 15:44:58 INFO get content error, e['unicode' object has no attribute 'get']
12 May 2015 15:44:58 INFO get content error, e['unicode' object has no attribute 'get']
12 May 2015 15:44:58 INFO get content error, e['unicode' object has no attribute 'get']
12 May 2015 15:44:58 INFO get content error, e['unicode' object has no attribute 'get']
12 May 2015 15:44:58 INFO get content error, e['unicode' object has no attribute 'get']
12 May 2015 15:44:58 INFO get content error, e['unicode' object has no attribute 'get']
12 May 2015 15:44:58 INFO get content error, e['unicode' object has no attribute 'get']
12 May 2015 15:44:58 INFO get content error, e['unicode' object has no attribute 'get']
12 May 2015 15:44:58 INFO get content error, e[No JSON object could be decoded]
12 May 2015 15:44:58 INFO get content error, e[Expecting property name: line 1 column 3 (char 2)]
12 May 2015 15:44:58 INFO get content error, e[Expecting property name: line 1 column 3 (char 2)]
12 May 2015 15:44:58 INFO get content error, e[No JSON object could be decoded]
12 May 2015 15:44:58 INFO get content error, e[Expecting property name: line 1 column 3 (char 2)]
12 May 2015 15:44:58 INFO get content error, e[Expecting property name: line 1 column 3 (char 2)]
12 May 2015 15:44:58 INFO get content error, e[No JSON object could be decoded]
12 May 2015 15:44:58 INFO get content error, e[No JSON object could be decoded]
12 May 2015 15:44:58 INFO get content error, e[No JSON object could be decoded]
12 May 2015 15:44:58 INFO get content error, e[No JSON object could be decoded]
12 May 2015 15:44:58 INFO get content error, e[No JSON object could be decoded]
12 May 2015 15:44:58 INFO get content error, e[No JSON object could be decoded]
12 May 2015 15:44:58 INFO get content error, e[No JSON object could be decoded]
12 May 2015 15:44:58 INFO get content error, e[No JSON object could be decoded]
12 May 2015 15:44:58 INFO load zan[./data/work//zan]
12 May 2015 15:44:58 INFO load comment[./data/work//comment]
12 May 2015 15:44:58 INFO load catalog [./data/work//catalog]
12 May 2015 15:44:58 INFO total tweet: 38
12 May 2015 15:44:58 INFO line:13638	1	-1	xx	0	0	

12 May 2015 15:44:58 INFO line:13639	1	-1	xx	0	0	

12 May 2015 15:44:58 INFO line:13636	1	-1	xx	0	0	

12 May 2015 15:44:58 INFO line:13637	1	-1	xx	0	0	

12 May 2015 15:44:58 INFO line:13635	1	-1	xx	0	0	

12 May 2015 15:44:58 INFO line:13618	1	-1	静物	0	0	

12 May 2015 15:44:58 INFO line:13619	1	-1	静物	0	0	

12 May 2015 15:44:58 INFO line:13630	1	-1	静物	0	0	

12 May 2015 15:44:58 INFO line:13631	1	-1		0	0	

12 May 2015 15:44:58 INFO line:13614	1	-1	静物	0	0	

12 May 2015 15:44:58 INFO line:13615	1	-1	静物	0	0	

12 May 2015 15:44:58 INFO line:13616	1	-1	静物	0	0	

12 May 2015 15:44:58 INFO line:13617	1	-1	静物	0	0	

12 May 2015 15:44:58 INFO line:13611	1	-1	静物	0	0	

12 May 2015 15:44:58 INFO line:13612	1	-1	静物	0	0	

12 May 2015 15:44:58 INFO line:13613	1	-1	静物	0	0	

12 May 2015 15:44:58 INFO line:13647	1	-1		0	0	这是第一部第二是什么呵呵三

12 May 2015 15:44:58 INFO line:13646	1	-1	xx	0	0	

12 May 2015 15:44:58 INFO line:13645	1	-1		0	0	啦啦啦啦啦啦啦啦啦

12 May 2015 15:44:58 INFO line:13644	1	-1		0	0	啦啦啦啦啦啦啦啦啦

12 May 2015 15:44:58 INFO line:13643	1	-1		0	0	啦啦啦

12 May 2015 15:44:58 INFO line:13642	1	-1		0	0	啦啦啦123

12 May 2015 15:44:58 INFO line:13641	1	-1	xx	0	0	

12 May 2015 15:44:58 INFO line:13640	1	-1	xx	0	0	

12 May 2015 15:44:58 INFO line:13632	1	-1	静物	0	0	

12 May 2015 15:44:58 INFO line:13633	1	-1	静物	0	0	

12 May 2015 15:44:58 INFO line:13625	1	-1		0	0	

12 May 2015 15:44:58 INFO line:13624	1	-1		0	0	

12 May 2015 15:44:58 INFO line:13627	1	-1		0	0	

12 May 2015 15:44:58 INFO line:13626	1	-1		0	0	

12 May 2015 15:44:58 INFO line:13621	1	-1	静物	0	0	

12 May 2015 15:44:58 INFO line:13620	1	-1	静物	0	0	

12 May 2015 15:44:58 INFO line:13623	1	-1		0	0	

12 May 2015 15:44:58 INFO line:13622	1	-1		0	0	

12 May 2015 15:44:58 INFO line:13629	1	-1	静物	0	0	

12 May 2015 15:44:58 INFO line:13628	1	-1	静物	0	0	

12 May 2015 15:44:58 INFO line:13609	1	-1	静物	3	0	

12 May 2015 15:44:58 INFO line:13610	1	-1	静物	0	8	

Tue May 12 15:46:40 CST 2015
start dump data from mysql
Tue May 12 15:46:40 CST 2015
dump ./data/work//tweet
Tue May 12 15:46:40 CST 2015
dump ./data/work//zan
Tue May 12 15:46:40 CST 2015
dump ./data/work//comment
Tue May 12 15:46:40 CST 2015
start merge data
12 May 2015 15:46:40 INFO merge_data: output[./data/output//finally_2015-05-12] tweet[./data/work//tweet] zan[./data/work//zan] comment[./data/work//comment] catalog[./data/work//catalog] tag[./data/work//tag]
12 May 2015 15:46:40 INFO load tweet from [./data/work//tweet]
12 May 2015 15:46:40 INFO get content error, e[No JSON object could be decoded]
12 May 2015 15:46:40 INFO get content error, e[No JSON object could be decoded]
12 May 2015 15:46:40 INFO get content error, e['unicode' object has no attribute 'get']
12 May 2015 15:46:40 INFO get content error, e['unicode' object has no attribute 'get']
12 May 2015 15:46:40 INFO get content error, e['unicode' object has no attribute 'get']
12 May 2015 15:46:40 INFO get content error, e['unicode' object has no attribute 'get']
12 May 2015 15:46:40 INFO get content error, e['unicode' object has no attribute 'get']
12 May 2015 15:46:40 INFO get content error, e['unicode' object has no attribute 'get']
12 May 2015 15:46:40 INFO get content error, e['unicode' object has no attribute 'get']
12 May 2015 15:46:40 INFO get content error, e['unicode' object has no attribute 'get']
12 May 2015 15:46:40 INFO get content error, e['unicode' object has no attribute 'get']
12 May 2015 15:46:40 INFO get content error, e['unicode' object has no attribute 'get']
12 May 2015 15:46:40 INFO get content error, e['unicode' object has no attribute 'get']
12 May 2015 15:46:40 INFO get content error, e[No JSON object could be decoded]
12 May 2015 15:46:40 INFO get content error, e[Expecting property name: line 1 column 3 (char 2)]
12 May 2015 15:46:40 INFO get content error, e[Expecting property name: line 1 column 3 (char 2)]
12 May 2015 15:46:40 INFO get content error, e[No JSON object could be decoded]
12 May 2015 15:46:40 INFO get content error, e[Expecting property name: line 1 column 3 (char 2)]
12 May 2015 15:46:40 INFO get content error, e[Expecting property name: line 1 column 3 (char 2)]
12 May 2015 15:46:40 INFO get content error, e[No JSON object could be decoded]
12 May 2015 15:46:40 INFO get content error, e[No JSON object could be decoded]
12 May 2015 15:46:40 INFO get content error, e[No JSON object could be decoded]
12 May 2015 15:46:40 INFO get content error, e[No JSON object could be decoded]
12 May 2015 15:46:40 INFO get content error, e[No JSON object could be decoded]
12 May 2015 15:46:40 INFO get content error, e[No JSON object could be decoded]
12 May 2015 15:46:40 INFO get content error, e[No JSON object could be decoded]
12 May 2015 15:46:40 INFO get content error, e[No JSON object could be decoded]
12 May 2015 15:46:40 INFO load zan[./data/work//zan]
12 May 2015 15:46:40 INFO load comment[./data/work//comment]
12 May 2015 15:46:40 INFO load catalog [./data/work//catalog]
12 May 2015 15:46:40 INFO total tweet: 38
12 May 2015 15:46:40 INFO line:13638	1	-1	xx	0	0	

12 May 2015 15:46:40 INFO line:13639	1	-1	xx	0	0	

12 May 2015 15:46:40 INFO line:13636	1	-1	xx	0	0	

12 May 2015 15:46:40 INFO line:13637	1	-1	xx	0	0	

12 May 2015 15:46:40 INFO line:13635	1	-1	xx	0	0	

12 May 2015 15:46:40 INFO line:13618	1	-1	静物	0	0	

12 May 2015 15:46:40 INFO line:13619	1	-1	静物	0	0	

12 May 2015 15:46:40 INFO line:13630	1	-1	静物	0	0	

12 May 2015 15:46:40 INFO line:13614	1	-1	静物	0	0	

12 May 2015 15:46:40 INFO line:13615	1	-1	静物	0	0	

12 May 2015 15:46:40 INFO line:13616	1	-1	静物	0	0	

12 May 2015 15:46:40 INFO line:13617	1	-1	静物	0	0	

12 May 2015 15:46:40 INFO line:13611	1	-1	静物	0	0	

12 May 2015 15:46:40 INFO line:13612	1	-1	静物	0	0	

12 May 2015 15:46:40 INFO line:13613	1	-1	静物	0	0	

12 May 2015 15:46:40 INFO line:13647	1	-1		0	0	这是第一部第二是什么呵呵三

12 May 2015 15:46:40 INFO line:13646	1	-1	xx	0	0	

12 May 2015 15:46:40 INFO line:13645	1	-1		0	0	啦啦啦啦啦啦啦啦啦

12 May 2015 15:46:40 INFO line:13644	1	-1		0	0	啦啦啦啦啦啦啦啦啦

12 May 2015 15:46:40 INFO line:13643	1	-1		0	0	啦啦啦

12 May 2015 15:46:40 INFO line:13642	1	-1		0	0	啦啦啦123

12 May 2015 15:46:40 INFO line:13641	1	-1	xx	0	0	

12 May 2015 15:46:40 INFO line:13640	1	-1	xx	0	0	

12 May 2015 15:46:40 INFO line:13632	1	-1	静物	0	0	

12 May 2015 15:46:40 INFO line:13633	1	-1	静物	0	0	

12 May 2015 15:46:40 INFO line:13621	1	-1	静物	0	0	

12 May 2015 15:46:40 INFO line:13620	1	-1	静物	0	0	

12 May 2015 15:46:40 INFO line:13629	1	-1	静物	0	0	

12 May 2015 15:46:40 INFO line:13628	1	-1	静物	0	0	

12 May 2015 15:46:40 INFO line:13609	1	-1	静物	3	0	

12 May 2015 15:46:40 INFO line:13610	1	-1	静物	0	8	

